<?xml version="1.0" encoding="UTF-8" ?>
<testsuite tests="4" failures="0" name="service.LoginServiceTest" time="0.073" errors="0" skipped="0">
  <properties>
[...]
</properties>
  <testcase classname="service.LoginServiceTest" name="shouldReturnNullWhenLoginNotContains" time="0.063"/>
  <testcase classname="service.LoginServiceTest" name="testSecurePassword" time="0.005"/>
  <testcase classname="service.LoginServiceTest" name="shouldCreateUser" time="0.003"/>
  <testcase classname="service.LoginServiceTest" name="shouldReturnWhenLoginContains" time="0.002"/>
</testsuite>